[0.021s] Invoking command in '/home/jens/workspace/ros_ur_driver/src/collision_detection_launch/build/collision_detection_launch': CMAKE_PREFIX_PATH=${CMAKE_PREFIX_PATH}:/home/jens/workspace/ros_ur_driver/install/ros_tcp_endpoint:/home/jens/workspace/ros_ur_driver/install/ros2controlcli:/home/jens/workspace/ros_ur_driver/install/ros2_control_test_nodes:/home/jens/workspace/ros_ur_driver/install/moveit_configs_utils:/home/jens/workspace/ros_ur_driver/install/launch_param_builder:/home/jens/workspace/ros_ur_driver/install/collision_detection:/opt/ros/galactic /usr/bin/cmake /home/jens/workspace/ros_ur_driver/src/collision_detection_launch -DCMAKE_INSTALL_PREFIX=/home/jens/workspace/ros_ur_driver/src/collision_detection_launch/install/collision_detection_launch
[0.206s] -- The C compiler identification is GNU 9.4.0
[0.386s] -- The CXX compiler identification is GNU 9.4.0
[0.396s] -- Check for working C compiler: /usr/bin/cc
[0.482s] -- Check for working C compiler: /usr/bin/cc -- works
[0.483s] -- Detecting C compiler ABI info
[0.566s] -- Detecting C compiler ABI info - done
[0.576s] -- Detecting C compile features
[0.577s] -- Detecting C compile features - done
[0.579s] -- Check for working CXX compiler: /usr/bin/c++
[0.675s] -- Check for working CXX compiler: /usr/bin/c++ -- works
[0.676s] -- Detecting CXX compiler ABI info
[0.778s] -- Detecting CXX compiler ABI info - done
[0.790s] -- Detecting CXX compile features
[0.790s] -- Detecting CXX compile features - done
[0.805s] -- Found ament_cmake: 1.1.5 (/opt/ros/galactic/share/ament_cmake/cmake)
[0.854s] -- Found PythonInterp: /usr/bin/python3 (found suitable version "3.8.10", minimum required is "3") 
[0.854s] -- Using PYTHON_EXECUTABLE: /usr/bin/python3
[1.035s] -- Found moveit: 2.4.0 (/home/jens/workspace/ros_ur_driver/install/moveit/share/moveit/cmake)
[1.044s] -- Found rclcpp: 9.2.0 (/opt/ros/galactic/share/rclcpp/cmake)
[1.200s] -- Using all available rosidl_typesupport_c: rosidl_typesupport_fastrtps_c;rosidl_typesupport_introspection_c
[1.227s] -- Found rosidl_adapter: 2.2.1 (/opt/ros/galactic/share/rosidl_adapter/cmake)
[1.382s] -- Found OpenSSL: /usr/lib/x86_64-linux-gnu/libcrypto.so (found version "1.1.1f")  
[1.420s] -- Found FastRTPS: /opt/ros/galactic/include  
[1.546s] -- Using all available rosidl_typesupport_cpp: rosidl_typesupport_fastrtps_cpp;rosidl_typesupport_introspection_cpp
[1.657s] -- Found rmw_implementation_cmake: 3.3.1 (/opt/ros/galactic/share/rmw_implementation_cmake/cmake)
[1.672s] -- Found rmw_cyclonedds_cpp: 0.22.4 (/opt/ros/galactic/share/rmw_cyclonedds_cpp/cmake)
[1.703s] -- Using RMW implementation 'rmw_cyclonedds_cpp' as default
[1.704s] -- Looking for pthread.h
[1.791s] -- Looking for pthread.h - found
[1.791s] -- Performing Test CMAKE_HAVE_LIBC_PTHREAD
[1.881s] -- Performing Test CMAKE_HAVE_LIBC_PTHREAD - Failed
[1.881s] -- Looking for pthread_create in pthreads
[1.963s] -- Looking for pthread_create in pthreads - not found
[1.963s] -- Looking for pthread_create in pthread
[2.055s] -- Looking for pthread_create in pthread - found
[2.056s] -- Found Threads: TRUE  
[2.252s] -- Found collision_detection_msgs: 0.0.0 (/home/jens/workspace/ros_ur_driver/install/collision_detection_msgs/share/collision_detection_msgs/cmake)
[2.637s] CMake Error at /opt/ros/galactic/share/ament_cmake_target_dependencies/cmake/ament_target_dependencies.cmake:42 (message):
[2.637s]   ament_target_dependencies() the first argument must be a valid target name
[2.637s] Call Stack (most recent call first):
[2.637s]   CMakeLists.txt:34 (ament_target_dependencies)
[2.637s] 
[2.637s] 
[2.639s] -- Configuring incomplete, errors occurred!
[2.639s] See also "/home/jens/workspace/ros_ur_driver/src/collision_detection_launch/build/collision_detection_launch/CMakeFiles/CMakeOutput.log".
[2.639s] See also "/home/jens/workspace/ros_ur_driver/src/collision_detection_launch/build/collision_detection_launch/CMakeFiles/CMakeError.log".
[2.645s] Invoked command in '/home/jens/workspace/ros_ur_driver/src/collision_detection_launch/build/collision_detection_launch' returned '1': CMAKE_PREFIX_PATH=${CMAKE_PREFIX_PATH}:/home/jens/workspace/ros_ur_driver/install/ros_tcp_endpoint:/home/jens/workspace/ros_ur_driver/install/ros2controlcli:/home/jens/workspace/ros_ur_driver/install/ros2_control_test_nodes:/home/jens/workspace/ros_ur_driver/install/moveit_configs_utils:/home/jens/workspace/ros_ur_driver/install/launch_param_builder:/home/jens/workspace/ros_ur_driver/install/collision_detection:/opt/ros/galactic /usr/bin/cmake /home/jens/workspace/ros_ur_driver/src/collision_detection_launch -DCMAKE_INSTALL_PREFIX=/home/jens/workspace/ros_ur_driver/src/collision_detection_launch/install/collision_detection_launch
